-------------------------------------------------------------------------------
Test set: ro.esolutions.crowdmockserver.CrowdMockServerApplicationTests
-------------------------------------------------------------------------------
Tests run: 1, Failures: 0, Errors: 1, Skipped: 0, Time elapsed: 3.524 s <<< FAILURE! - in ro.esolutions.crowdmockserver.CrowdMockServerApplicationTests
contextLoads  Time elapsed: 0.002 s  <<< ERROR!
java.lang.IllegalStateException: Failed to load ApplicationContext
Caused by: org.springframework.beans.factory.UnsatisfiedDependencyException: Error creating bean with name 'searchController' defined in file [/home/student/Projets/crowd-mock-server/target/classes/ro/esolutions/crowdmockserver/controllers/SearchController.class]: Unsatisfied dependency expressed through constructor parameter 0; nested exception is org.springframework.beans.factory.NoSuchBeanDefinitionException: No qualifying bean of type 'ro.esolutions.crowdmockserver.services.CrowdUserService' available: expected at least 1 bean which qualifies as autowire candidate. Dependency annotations: {}
Caused by: org.springframework.beans.factory.NoSuchBeanDefinitionException: No qualifying bean of type 'ro.esolutions.crowdmockserver.services.CrowdUserService' available: expected at least 1 bean which qualifies as autowire candidate. Dependency annotations: {}

